<?xml version="1.0" encoding="UTF-8"?>
<!-- Generated by org.testng.reporters.JUnitReportReporter -->
<testsuite hostname="DESKTOP-76T2GE2" failures="0" tests="1" name="com.vtest.tests.ConactusTest" time="2.935" errors="0" timestamp="2022-05-18T15:20:13 IST" skipped="0">
  <testcase classname="com.vtest.tests.ConactusTest" name="name" time="2.935"/>
  <system-out/>
</testsuite> <!-- com.vtest.tests.ConactusTest -->
