<?xml version="1.0" encoding="UTF-8"?>
<!-- Generated by org.testng.reporters.JUnitReportReporter -->
<testsuite hostname="DESKTOP-76T2GE2" failures="0" tests="1" name="com.vtest.tests.SampleTest" time="2.254" errors="0" timestamp="2022-05-18T14:15:27 IST" skipped="0">
  <testcase classname="com.vtest.tests.SampleTest" name="name" time="2.254"/>
  <system-out/>
</testsuite> <!-- com.vtest.tests.SampleTest -->
