<?xml version="1.0" encoding="UTF-8"?>
<!-- Generated by org.testng.reporters.JUnitReportReporter -->
<testsuite hostname="DESKTOP-76T2GE2" failures="0" tests="1" name="com.vtest.tests.SampleTest" time="0.000" errors="0" timestamp="2022-05-18T14:10:10 IST" skipped="1">
  <testcase classname="com.vtest.tests.SampleTest" name="name" time="0.000">
    <skipped/>
  </testcase> <!-- name -->
  <system-out/>
</testsuite> <!-- com.vtest.tests.SampleTest -->
